[2026-04-03T07:50:04.004+0000] {taskinstance.py:1159} INFO - Dependencies all met for dep_context=non-requeueable deps ti=<TaskInstance: module_g_transport_etl.extract_raw_data scheduled__2026-04-03T07:30:00+00:00 [queued]>
[2026-04-03T07:50:04.014+0000] {taskinstance.py:1159} INFO - Dependencies all met for dep_context=requeueable deps ti=<TaskInstance: module_g_transport_etl.extract_raw_data scheduled__2026-04-03T07:30:00+00:00 [queued]>
[2026-04-03T07:50:04.014+0000] {taskinstance.py:1361} INFO - Starting attempt 2 of 2
[2026-04-03T07:50:04.033+0000] {taskinstance.py:1382} INFO - Executing <Task(PythonOperator): extract_raw_data> on 2026-04-03 07:30:00+00:00
[2026-04-03T07:50:04.040+0000] {standard_task_runner.py:57} INFO - Started process 70 to run task
[2026-04-03T07:50:04.044+0000] {standard_task_runner.py:84} INFO - Running: ['***', 'tasks', 'run', 'module_g_transport_etl', 'extract_raw_data', 'scheduled__2026-04-03T07:30:00+00:00', '--job-id', '41', '--raw', '--subdir', 'DAGS_FOLDER/module_g_etl.py', '--cfg-path', '/tmp/tmp45w9l6zq']
[2026-04-03T07:50:04.049+0000] {standard_task_runner.py:85} INFO - Job 41: Subtask extract_raw_data
[2026-04-03T07:50:04.076+0000] {warnings.py:109} WARNING - /home/***/.local/lib/python3.8/site-packages/***/settings.py:195: DeprecationWarning: The sql_alchemy_conn option in [core] has been moved to the sql_alchemy_conn option in [database] - the old setting has been used, but please update your config.
  SQL_ALCHEMY_CONN = conf.get("database", "SQL_ALCHEMY_CONN")

[2026-04-03T07:50:04.136+0000] {task_command.py:416} INFO - Running <TaskInstance: module_g_transport_etl.extract_raw_data scheduled__2026-04-03T07:30:00+00:00 [running]> on host 6dd8aa0199f8
[2026-04-03T07:50:04.480+0000] {taskinstance.py:1662} INFO - Exporting env vars: AIRFLOW_CTX_DAG_OWNER='analyst' AIRFLOW_CTX_DAG_ID='module_g_transport_etl' AIRFLOW_CTX_TASK_ID='extract_raw_data' AIRFLOW_CTX_EXECUTION_DATE='2026-04-03T07:30:00+00:00' AIRFLOW_CTX_TRY_NUMBER='2' AIRFLOW_CTX_DAG_RUN_ID='scheduled__2026-04-03T07:30:00+00:00'
[2026-04-03T07:50:04.534+0000] {taskinstance.py:1937} ERROR - Task failed with exception
Traceback (most recent call last):
  File "/home/airflow/.local/lib/python3.8/site-packages/airflow/operators/python.py", line 192, in execute
    return_value = self.execute_callable()
  File "/home/airflow/.local/lib/python3.8/site-packages/airflow/operators/python.py", line 209, in execute_callable
    return self.python_callable(*self.op_args, **self.op_kwargs)
  File "/opt/airflow/dags/module_g_etl.py", line 38, in extract_raw_data
    engine = get_engine()
  File "/opt/airflow/dags/module_g_etl.py", line 14, in get_engine
    return hook.get_sqlalchemy_engine()
  File "/home/airflow/.local/lib/python3.8/site-packages/airflow/providers/common/sql/hooks/sql.py", line 199, in get_sqlalchemy_engine
    return create_engine(self.get_uri(), **engine_kwargs)
  File "/home/airflow/.local/lib/python3.8/site-packages/airflow/providers/postgres/hooks/postgres.py", line 184, in get_uri
    conn = self.get_connection(getattr(self, self.conn_name_attr))
  File "/home/airflow/.local/lib/python3.8/site-packages/airflow/hooks/base.py", line 72, in get_connection
    conn = Connection.get_connection_from_secrets(conn_id)
  File "/home/airflow/.local/lib/python3.8/site-packages/airflow/models/connection.py", line 477, in get_connection_from_secrets
    raise AirflowNotFoundException(f"The conn_id `{conn_id}` isn't defined")
airflow.exceptions.AirflowNotFoundException: The conn_id `transport_dwh` isn't defined
[2026-04-03T07:50:04.548+0000] {taskinstance.py:1400} INFO - Marking task as FAILED. dag_id=module_g_transport_etl, task_id=extract_raw_data, execution_date=20260403T073000, start_date=20260403T075004, end_date=20260403T075004
[2026-04-03T07:50:04.594+0000] {standard_task_runner.py:104} ERROR - Failed to execute job 41 for task extract_raw_data (The conn_id `transport_dwh` isn't defined; 70)
[2026-04-03T07:50:04.644+0000] {local_task_job_runner.py:228} INFO - Task exited with return code 1
[2026-04-03T07:50:04.715+0000] {taskinstance.py:2778} INFO - 0 downstream tasks scheduled from follow-on schedule check
