[2026-04-03T05:33:20.648+0000] {taskinstance.py:1159} INFO - Dependencies all met for dep_context=non-requeueable deps ti=<TaskInstance: module_g_transport_etl.extract_raw_data scheduled__2026-04-03T05:15:00+00:00 [queued]>
[2026-04-03T05:33:20.674+0000] {taskinstance.py:1159} INFO - Dependencies all met for dep_context=requeueable deps ti=<TaskInstance: module_g_transport_etl.extract_raw_data scheduled__2026-04-03T05:15:00+00:00 [queued]>
[2026-04-03T05:33:20.674+0000] {taskinstance.py:1361} INFO - Starting attempt 1 of 2
[2026-04-03T05:33:20.729+0000] {taskinstance.py:1382} INFO - Executing <Task(PythonOperator): extract_raw_data> on 2026-04-03 05:15:00+00:00
[2026-04-03T05:33:20.737+0000] {standard_task_runner.py:57} INFO - Started process 52 to run task
[2026-04-03T05:33:20.740+0000] {standard_task_runner.py:84} INFO - Running: ['***', 'tasks', 'run', 'module_g_transport_etl', 'extract_raw_data', 'scheduled__2026-04-03T05:15:00+00:00', '--job-id', '23', '--raw', '--subdir', 'DAGS_FOLDER/module_g_etl.py', '--cfg-path', '/tmp/tmpcawe09zn']
[2026-04-03T05:33:20.743+0000] {standard_task_runner.py:85} INFO - Job 23: Subtask extract_raw_data
[2026-04-03T05:33:20.791+0000] {warnings.py:109} WARNING - /home/***/.local/lib/python3.8/site-packages/***/settings.py:195: DeprecationWarning: The sql_alchemy_conn option in [core] has been moved to the sql_alchemy_conn option in [database] - the old setting has been used, but please update your config.
  SQL_ALCHEMY_CONN = conf.get("database", "SQL_ALCHEMY_CONN")

[2026-04-03T05:33:20.857+0000] {task_command.py:416} INFO - Running <TaskInstance: module_g_transport_etl.extract_raw_data scheduled__2026-04-03T05:15:00+00:00 [running]> on host 10556a967da3
[2026-04-03T05:33:21.186+0000] {taskinstance.py:1662} INFO - Exporting env vars: AIRFLOW_CTX_DAG_OWNER='analyst' AIRFLOW_CTX_DAG_ID='module_g_transport_etl' AIRFLOW_CTX_TASK_ID='extract_raw_data' AIRFLOW_CTX_EXECUTION_DATE='2026-04-03T05:15:00+00:00' AIRFLOW_CTX_TRY_NUMBER='1' AIRFLOW_CTX_DAG_RUN_ID='scheduled__2026-04-03T05:15:00+00:00'
[2026-04-03T05:33:21.217+0000] {taskinstance.py:1937} ERROR - Task failed with exception
Traceback (most recent call last):
  File "/home/airflow/.local/lib/python3.8/site-packages/airflow/operators/python.py", line 192, in execute
    return_value = self.execute_callable()
  File "/home/airflow/.local/lib/python3.8/site-packages/airflow/operators/python.py", line 209, in execute_callable
    return self.python_callable(*self.op_args, **self.op_kwargs)
  File "/opt/airflow/dags/module_g_etl.py", line 41, in extract_raw_data
    engine = get_engine()  # 🔧 Исправление: получаем engine внутри функции
  File "/opt/airflow/dags/module_g_etl.py", line 16, in get_engine
    return hook.get_sqlalchemy_engine()
  File "/home/airflow/.local/lib/python3.8/site-packages/airflow/providers/common/sql/hooks/sql.py", line 199, in get_sqlalchemy_engine
    return create_engine(self.get_uri(), **engine_kwargs)
  File "/home/airflow/.local/lib/python3.8/site-packages/airflow/providers/postgres/hooks/postgres.py", line 184, in get_uri
    conn = self.get_connection(getattr(self, self.conn_name_attr))
  File "/home/airflow/.local/lib/python3.8/site-packages/airflow/hooks/base.py", line 72, in get_connection
    conn = Connection.get_connection_from_secrets(conn_id)
  File "/home/airflow/.local/lib/python3.8/site-packages/airflow/models/connection.py", line 477, in get_connection_from_secrets
    raise AirflowNotFoundException(f"The conn_id `{conn_id}` isn't defined")
airflow.exceptions.AirflowNotFoundException: The conn_id `transport_dwh` isn't defined
[2026-04-03T05:33:21.221+0000] {taskinstance.py:1400} INFO - Marking task as UP_FOR_RETRY. dag_id=module_g_transport_etl, task_id=extract_raw_data, execution_date=20260403T051500, start_date=20260403T053320, end_date=20260403T053321
[2026-04-03T05:33:21.244+0000] {standard_task_runner.py:104} ERROR - Failed to execute job 23 for task extract_raw_data (The conn_id `transport_dwh` isn't defined; 52)
[2026-04-03T05:33:21.264+0000] {local_task_job_runner.py:228} INFO - Task exited with return code 1
[2026-04-03T05:33:21.300+0000] {taskinstance.py:2778} INFO - 0 downstream tasks scheduled from follow-on schedule check
